Drill report for necpc8801l.kicad_pcb
Created on Fri 16 Dec 2022 01:37:28 AM EST

Copper Layer Stackup:
    =============================================================
    L1 :  F.Cu                      front
    L2 :  B.Cu                      back


Drill file 'necpc8801l-PTH.drl' contains
    plated through holes:
    =============================================================
    T1  0.400mm  0.0157"  (538 holes)
    T2  0.900mm  0.0354"  (12 holes)
    T3  1.470mm  0.0579"  (384 holes)
    T4  1.500mm  0.0591"  (1 hole)
    T5  2.000mm  0.0787"  (192 holes)
    T6  2.700mm  0.1063"  (1 hole)

    Total plated holes count 1128


Drill file 'necpc8801l-NPTH.drl' contains
    unplated through holes:
    =============================================================
    T1  1.750mm  0.0689"  (192 holes)
    T2  3.988mm  0.1570"  (96 holes)

    Total unplated holes count 288
